<?xml version="1.0" encoding="UTF-8"?>
<!-- Generated by org.testng.reporters.JUnitReportReporter -->
<testsuite hostname="SV-19-SE-005-O" failures="0" tests="3" name="com.qa.eaglvu.tests.LoginPageTest" time="11.698" errors="0" timestamp="2023-02-06T12:54:35 IST" skipped="0">
  <testcase classname="com.qa.eaglvu.tests.LoginPageTest" name="loginPageOfEaglvu" time="0.125"/>
  <system-out/>
  <testcase classname="com.qa.eaglvu.tests.LoginPageTest" name="loginPageURLTest" time="0.023"/>
  <system-out/>
  <testcase classname="com.qa.eaglvu.tests.LoginPageTest" name="loginTest" time="11.550"/>
  <system-out/>
</testsuite> <!-- com.qa.eaglvu.tests.LoginPageTest -->
