<?xml version="1.0" encoding="UTF-8"?>
<!-- Generated by org.testng.reporters.JUnitReportReporter -->
<testsuite hostname="SV-19-SE-005-O" failures="0" tests="1" name="com.qa.eaglvu.tests.ProficiencyPageTest" time="5.761" errors="0" timestamp="2023-01-19T16:44:07 IST" skipped="0">
  <testcase classname="com.qa.eaglvu.tests.ProficiencyPageTest" name="proficiencyPageLogin" time="5.761"/>
  <system-out/>
</testsuite> <!-- com.qa.eaglvu.tests.ProficiencyPageTest -->
